<?xml version="1.0" encoding="UTF-8"?>
<!-- Generated by org.testng.reporters.JUnitXMLReporter -->
<testsuite ignored="0" hostname="Krishna" failures="0" tests="12" name="Test" time="257.204" errors="0" timestamp="2024-05-28T17:37:05 IST">
  <testcase classname="Tests.LoginTest" name="checkBrokenLinks" time="93.536"/>
  <testcase classname="Tests.LoginTest" name="loginToApplicationUsingKeyboardKeys" time="14.985"/>
  <testcase classname="Tests.LoginTest" name="login_With_Invalid_Creadentails" time="3.178"/>
  <testcase classname="Tests.LoginTest" name="login_With_Invalid_Creadentails" time="4.19"/>
  <testcase classname="Tests.LoginTest" name="login_With_Invalid_Creadentails" time="3.125"/>
  <testcase classname="Tests.LoginTest" name="login_With_Invalid_Creadentails" time="3.216"/>
  <testcase classname="Tests.LoginTest" name="login_With_Invalid_Creadentails" time="3.601"/>
  <testcase classname="Tests.LoginTest" name="login_With_Valid_Credentials" time="3.377"/>
  <testcase classname="Tests.LoginTest" name="verifyPlaceHolders" time="2.497"/>
  <testcase classname="Tests.LoginTest" name="verify_Login_With_Back_Button" time="9.48"/>
  <testcase classname="Tests.LoginTest" name="verify_UI_Of_LoginPage" time="2.475"/>
  <testcase classname="Tests.LogoutTest" name="logoutFromMyAccount" time="5.679"/>
</testsuite> <!-- Test -->
