<?xml version="1.0" encoding="UTF-8"?>
<!-- Generated by org.testng.reporters.JUnitXMLReporter -->
<testsuite ignored="1" hostname="Krishna" failures="1" tests="1" name="Test(failed)" time="15.075" errors="0" timestamp="2024-05-22T08:56:25 IST">
  <testcase classname="Tests.Logintest" name="loginWithValidCredentials" time="7.456">
    <failure type="java.lang.AssertionError" message="expected [My Accoun] but found [My Account]">
      <![CDATA[java.lang.AssertionError: expected [My Accoun] but found [My Account]
at Tests.Logintest.loginWithValidCredentials(Logintest.java:38)
at java.base/java.util.ArrayList.forEach(ArrayList.java:1596)
... Removed 31 stack frames]]>
    </failure>
  </testcase> <!-- loginWithValidCredentials -->
  <testcase classname="Tests.Logintest" name="LoginWithInvlaidCredentials" time="0.0">
    <ignored/>
  </testcase> <!-- LoginWithInvlaidCredentials -->
</testsuite> <!-- Test(failed) -->
