<?xml version="1.0" encoding="UTF-8"?>
<testsuite xmlns:xsi="http://www.w3.org/2001/XMLSchema-instance" xsi:noNamespaceSchemaLocation="https://maven.apache.org/surefire/maven-surefire-plugin/xsd/surefire-test-report-3.0.xsd" version="3.0" name="TestSuite" time="258.366" tests="12" errors="0" skipped="0" failures="0">
  <properties>
[...]
</properties>
  <testcase name="checkBrokenLinks" classname="Tests.LoginTest" time="93.54">
    <system-out><![CDATA[https://tutorialsninja.com/demo/index.php?route=information/contact : Not a broken link
https://tutorialsninja.com/demo/index.php?route=account/account : Not a broken link
https://tutorialsninja.com/demo/index.php?route=account/register : Not a broken link
https://tutorialsninja.com/demo/index.php?route=account/login : Not a broken link
https://tutorialsninja.com/demo/index.php?route=account/wishlist : Not a broken link
https://tutorialsninja.com/demo/index.php?route=checkout/cart : Not a broken link
https://tutorialsninja.com/demo/index.php?route=checkout/checkout : Not a broken link
https://tutorialsninja.com/demo/index.php?route=common/home : Not a broken link
https://tutorialsninja.com/demo/index.php?route=product/category&path=20 : Not a broken link
https://tutorialsninja.com/demo/index.php?route=product/category&path=20_26 : Not a broken link
https://tutorialsninja.com/demo/index.php?route=product/category&path=20_27 : Not a broken link
https://tutorialsninja.com/demo/index.php?route=product/category&path=20 : Not a broken link
https://tutorialsninja.com/demo/index.php?route=product/category&path=18 : Not a broken link
https://tutorialsninja.com/demo/index.php?route=product/category&path=18_46 : Not a broken link
https://tutorialsninja.com/demo/index.php?route=product/category&path=18_45 : Not a broken link
https://tutorialsninja.com/demo/index.php?route=product/category&path=18 : Not a broken link
https://tutorialsninja.com/demo/index.php?route=product/category&path=25 : Not a broken link
https://tutorialsninja.com/demo/index.php?route=product/category&path=25_29 : Not a broken link
https://tutorialsninja.com/demo/index.php?route=product/category&path=25_28 : Not a broken link
https://tutorialsninja.com/demo/index.php?route=product/category&path=25_30 : Not a broken link
https://tutorialsninja.com/demo/index.php?route=product/category&path=25_31 : Not a broken link
https://tutorialsninja.com/demo/index.php?route=product/category&path=25_32 : Not a broken link
https://tutorialsninja.com/demo/index.php?route=product/category&path=25 : Not a broken link
https://tutorialsninja.com/demo/index.php?route=product/category&path=57 : Not a broken link
https://tutorialsninja.com/demo/index.php?route=product/category&path=17 : Not a broken link
https://tutorialsninja.com/demo/index.php?route=product/category&path=24 : Not a broken link
https://tutorialsninja.com/demo/index.php?route=product/category&path=33 : Not a broken link
https://tutorialsninja.com/demo/index.php?route=product/category&path=34 : Not a broken link
https://tutorialsninja.com/demo/index.php?route=product/category&path=34_43 : Not a broken link
https://tutorialsninja.com/demo/index.php?route=product/category&path=34_44 : Not a broken link
https://tutorialsninja.com/demo/index.php?route=product/category&path=34_47 : Not a broken link
https://tutorialsninja.com/demo/index.php?route=product/category&path=34_48 : Not a broken link
https://tutorialsninja.com/demo/index.php?route=product/category&path=34_49 : Not a broken link
https://tutorialsninja.com/demo/index.php?route=product/category&path=34_50 : Not a broken link
https://tutorialsninja.com/demo/index.php?route=product/category&path=34_51 : Not a broken link
https://tutorialsninja.com/demo/index.php?route=product/category&path=34_52 : Not a broken link
https://tutorialsninja.com/demo/index.php?route=product/category&path=34_53 : Not a broken link
https://tutorialsninja.com/demo/index.php?route=product/category&path=34_54 : Not a broken link
https://tutorialsninja.com/demo/index.php?route=product/category&path=34_55 : Not a broken link
https://tutorialsninja.com/demo/index.php?route=product/category&path=34_56 : Not a broken link
https://tutorialsninja.com/demo/index.php?route=product/category&path=34_38 : Not a broken link
https://tutorialsninja.com/demo/index.php?route=product/category&path=34_37 : Not a broken link
https://tutorialsninja.com/demo/index.php?route=product/category&path=34_39 : Not a broken link
https://tutorialsninja.com/demo/index.php?route=product/category&path=34_40 : Not a broken link
https://tutorialsninja.com/demo/index.php?route=product/category&path=34_41 : Not a broken link
https://tutorialsninja.com/demo/index.php?route=product/category&path=34_42 : Not a broken link
https://tutorialsninja.com/demo/index.php?route=product/category&path=34 : Not a broken link
https://tutorialsninja.com/demo/index.php?route=product/product&path=57&product_id=49 : Not a broken link
https://tutorialsninja.com/demo/index.php?route=product/product&path=57&product_id=49 : Not a broken link
https://tutorialsninja.com/demo/index.php?route=product/product&product_id=43 : Not a broken link
https://tutorialsninja.com/demo/index.php?route=product/product&product_id=43 : Not a broken link
https://tutorialsninja.com/demo/index.php?route=product/product&product_id=40 : Not a broken link
https://tutorialsninja.com/demo/index.php?route=product/product&product_id=40 : Not a broken link
https://tutorialsninja.com/demo/index.php?route=product/product&product_id=42 : Not a broken link
https://tutorialsninja.com/demo/index.php?route=product/product&product_id=42 : Not a broken link
https://tutorialsninja.com/demo/index.php?route=product/product&product_id=30 : Not a broken link
https://tutorialsninja.com/demo/index.php?route=product/product&product_id=30 : Not a broken link
https://tutorialsninja.com/demo/index.php?route=information/information&information_id=4 : Not a broken link
https://tutorialsninja.com/demo/index.php?route=information/information&information_id=6 : Not a broken link
https://tutorialsninja.com/demo/index.php?route=information/information&information_id=3 : Not a broken link
https://tutorialsninja.com/demo/index.php?route=information/information&information_id=5 : Not a broken link
https://tutorialsninja.com/demo/index.php?route=information/contact : Not a broken link
https://tutorialsninja.com/demo/index.php?route=account/return/add : Not a broken link
https://tutorialsninja.com/demo/index.php?route=information/sitemap : Not a broken link
https://tutorialsninja.com/demo/index.php?route=product/manufacturer : Not a broken link
https://tutorialsninja.com/demo/index.php?route=account/voucher : Not a broken link
https://tutorialsninja.com/demo/index.php?route=affiliate/login : Not a broken link
https://tutorialsninja.com/demo/index.php?route=product/special : Not a broken link
https://tutorialsninja.com/demo/index.php?route=account/account : Not a broken link
https://tutorialsninja.com/demo/index.php?route=account/order : Not a broken link
https://tutorialsninja.com/demo/index.php?route=account/wishlist : Not a broken link
https://tutorialsninja.com/demo/index.php?route=account/newsletter : Not a broken link
http://www.opencart.com/ : Not a broken link
]]></system-out>
    <system-err><![CDATA[SLF4J: Failed to load class "org.slf4j.impl.StaticLoggerBinder".
SLF4J: Defaulting to no-operation (NOP) logger implementation
SLF4J: See http://www.slf4j.org/codes.html#StaticLoggerBinder for further details.
May 28, 2024 5:32:48 PM org.openqa.selenium.devtools.CdpVersionFinder findNearestMatch
WARNING: Unable to find an exact match for CDP version 125, returning the closest version; found: 124; Please update to a Selenium version that supports CDP version 125
]]></system-err>
  </testcase>
  <testcase name="loginToApplicationUsingKeyboardKeys" classname="Tests.LoginTest" time="14.986">
    <system-err><![CDATA[May 28, 2024 5:34:30 PM org.openqa.selenium.devtools.CdpVersionFinder findNearestMatch
WARNING: Unable to find an exact match for CDP version 125, returning the closest version; found: 124; Please update to a Selenium version that supports CDP version 125
]]></system-err>
  </testcase>
  <testcase name="login_With_Invalid_Creadentails[, ](1)" classname="Tests.LoginTest" time="3.179">
    <system-err><![CDATA[ERROR StatusLogger Log4j2 could not find a logging implementation. Please add log4j-core to the classpath. Using SimpleLogger to log to the console...
May 28, 2024 5:34:57 PM org.openqa.selenium.devtools.CdpVersionFinder findNearestMatch
WARNING: Unable to find an exact match for CDP version 125, returning the closest version; found: 124; Please update to a Selenium version that supports CDP version 125
]]></system-err>
  </testcase>
  <testcase name="login_With_Invalid_Creadentails[kakaderahul70@gmail.com, ](2)" classname="Tests.LoginTest" time="4.189">
    <system-err><![CDATA[May 28, 2024 5:35:10 PM org.openqa.selenium.devtools.CdpVersionFinder findNearestMatch
WARNING: Unable to find an exact match for CDP version 125, returning the closest version; found: 124; Please update to a Selenium version that supports CDP version 125
]]></system-err>
  </testcase>
  <testcase name="login_With_Invalid_Creadentails[, Rahul@123](3)" classname="Tests.LoginTest" time="3.125">
    <system-err><![CDATA[May 28, 2024 5:35:22 PM org.openqa.selenium.devtools.CdpVersionFinder findNearestMatch
WARNING: Unable to find an exact match for CDP version 125, returning the closest version; found: 124; Please update to a Selenium version that supports CDP version 125
]]></system-err>
  </testcase>
  <testcase name="login_With_Invalid_Creadentails[kakaderahul70@gmail.com, Rahul](4)" classname="Tests.LoginTest" time="3.215">
    <system-err><![CDATA[May 28, 2024 5:35:34 PM org.openqa.selenium.devtools.CdpVersionFinder findNearestMatch
WARNING: Unable to find an exact match for CDP version 125, returning the closest version; found: 124; Please update to a Selenium version that supports CDP version 125
]]></system-err>
  </testcase>
  <testcase name="login_With_Invalid_Creadentails[kakaderahul70@gmail.com, Rahul@123](5)" classname="Tests.LoginTest" time="3.602">
    <system-err><![CDATA[May 28, 2024 5:35:45 PM org.openqa.selenium.devtools.CdpVersionFinder findNearestMatch
WARNING: Unable to find an exact match for CDP version 125, returning the closest version; found: 124; Please update to a Selenium version that supports CDP version 125
]]></system-err>
  </testcase>
  <testcase name="login_With_Valid_Credentials[kakaderahul788@gmail.com, Rahul@123](1)" classname="Tests.LoginTest" time="3.377">
    <system-err><![CDATA[May 28, 2024 5:35:57 PM org.openqa.selenium.devtools.CdpVersionFinder findNearestMatch
WARNING: Unable to find an exact match for CDP version 125, returning the closest version; found: 124; Please update to a Selenium version that supports CDP version 125
]]></system-err>
  </testcase>
  <testcase name="verifyPlaceHolders" classname="Tests.LoginTest" time="2.495">
    <system-err><![CDATA[May 28, 2024 5:36:09 PM org.openqa.selenium.devtools.CdpVersionFinder findNearestMatch
WARNING: Unable to find an exact match for CDP version 125, returning the closest version; found: 124; Please update to a Selenium version that supports CDP version 125
]]></system-err>
  </testcase>
  <testcase name="verify_Login_With_Back_Button[kakaderahul788@gmail.com, Rahul@123](1)" classname="Tests.LoginTest" time="9.481">
    <system-err><![CDATA[May 28, 2024 5:36:22 PM org.openqa.selenium.devtools.CdpVersionFinder findNearestMatch
WARNING: Unable to find an exact match for CDP version 125, returning the closest version; found: 124; Please update to a Selenium version that supports CDP version 125
]]></system-err>
  </testcase>
  <testcase name="verify_UI_Of_LoginPage" classname="Tests.LoginTest" time="2.476">
    <system-err><![CDATA[May 28, 2024 5:36:41 PM org.openqa.selenium.devtools.CdpVersionFinder findNearestMatch
WARNING: Unable to find an exact match for CDP version 125, returning the closest version; found: 124; Please update to a Selenium version that supports CDP version 125
]]></system-err>
  </testcase>
  <testcase name="logoutFromMyAccount" classname="Tests.LogoutTest" time="5.679">
    <system-err><![CDATA[May 28, 2024 5:36:51 PM org.openqa.selenium.devtools.CdpVersionFinder findNearestMatch
WARNING: Unable to find an exact match for CDP version 125, returning the closest version; found: 124; Please update to a Selenium version that supports CDP version 125
]]></system-err>
  </testcase>
</testsuite>