<?xml version="1.0" encoding="UTF-8"?>
<testng-results ignored="0" total="1" passed="1" failed="0" skipped="0">
  <reporter-output>
  </reporter-output>
  <suite started-at="2024-05-28T18:44:03 IST" name="Default suite" finished-at="2024-05-28T18:44:20 IST" duration-ms="17348">
    <groups>
    </groups>
    <test started-at="2024-05-28T18:44:03 IST" name="Default test" finished-at="2024-05-28T18:44:20 IST" duration-ms="17348">
      <class name="Base.RSAcademy">
        <test-method is-config="true" signature="setUp()[pri:0, instance:Base.RSAcademy@28701274]" started-at="2024-05-28T18:44:03 IST" name="setUp" finished-at="2024-05-28T18:44:05 IST" duration-ms="1937" status="PASS">
          <reporter-output>
          </reporter-output>
        </test-method> <!-- setUp -->
        <test-method signature="radioButtonTest()[pri:0, instance:Base.RSAcademy@28701274]" started-at="2024-05-28T18:44:05 IST" name="radioButtonTest" finished-at="2024-05-28T18:44:17 IST" duration-ms="12185" status="PASS">
          <reporter-output>
          </reporter-output>
        </test-method> <!-- radioButtonTest -->
        <test-method is-config="true" signature="tearDown()[pri:0, instance:Base.RSAcademy@28701274]" started-at="2024-05-28T18:44:17 IST" name="tearDown" finished-at="2024-05-28T18:44:20 IST" duration-ms="3190" status="PASS">
          <reporter-output>
          </reporter-output>
        </test-method> <!-- tearDown -->
      </class> <!-- Base.RSAcademy -->
    </test> <!-- Default test -->
  </suite> <!-- Default suite -->
</testng-results>
